<?xml version="1.0" encoding="UTF-8"?>
<testng-results ignored="0" total="2" passed="2" failed="0" skipped="0">
  <reporter-output>
  </reporter-output>
  <suite started-at="2022-05-08T23:50:41 IST" name="Suite" finished-at="2022-05-08T23:50:56 IST" duration-ms="15272">
    <groups>
      <group name="REGRESSION">
        <method signature="NewTests.errorInvalidCredentials(com.learning.testdata.TestData)[pri:0, instance:com.rnd.testscripts.NewTests@2b91004a]" name="errorInvalidCredentials" class="com.rnd.testscripts.NewTests"/>
      </group> <!-- REGRESSION -->
      <group name="BVT">
        <method signature="NewTests.errorInvalidCredentials(com.learning.testdata.TestData)[pri:0, instance:com.rnd.testscripts.NewTests@2b91004a]" name="errorInvalidCredentials" class="com.rnd.testscripts.NewTests"/>
      </group> <!-- BVT -->
    </groups>
    <test started-at="2022-05-08T23:50:41 IST" name="Test" finished-at="2022-05-08T23:50:56 IST" duration-ms="15272">
      <class name="com.rnd.testscripts.NewTests">
        <test-method is-config="true" signature="beforeMethod()[pri:0, instance:com.rnd.testscripts.NewTests@2b91004a]" started-at="2022-05-08T23:50:42 IST" name="beforeMethod" finished-at="2022-05-08T23:50:54 IST" duration-ms="11620" status="PASS">
          <reporter-output>
          </reporter-output>
        </test-method> <!-- beforeMethod -->
        <test-method is-config="true" signature="beforeMethod()[pri:0, instance:com.rnd.testscripts.NewTests@2b91004a]" started-at="2022-05-08T23:50:42 IST" name="beforeMethod" finished-at="2022-05-08T23:50:52 IST" duration-ms="9917" status="PASS">
          <reporter-output>
          </reporter-output>
        </test-method> <!-- beforeMethod -->
        <test-method signature="errorInvalidCredentials(com.learning.testdata.TestData)[pri:0, instance:com.rnd.testscripts.NewTests@2b91004a]" started-at="2022-05-08T23:50:52 IST" name="errorInvalidCredentials" description="To check whether the User can not login with Invalid Credentials" data-provider="getTestData" finished-at="2022-05-08T23:50:54 IST" duration-ms="2156" status="PASS">
          <params>
            <param index="0">
              <value>
                <![CDATA[com.learning.testdata.TestData@23cfb8c5]]>
              </value>
            </param>
          </params>
          <reporter-output>
          </reporter-output>
        </test-method> <!-- errorInvalidCredentials -->
        <test-method signature="errorInvalidCredentials(com.learning.testdata.TestData)[pri:0, instance:com.rnd.testscripts.NewTests@2b91004a]" started-at="2022-05-08T23:50:54 IST" name="errorInvalidCredentials" description="To check whether the User can not login with Invalid Credentials" data-provider="getTestData" finished-at="2022-05-08T23:50:56 IST" duration-ms="2261" status="PASS">
          <params>
            <param index="0">
              <value>
                <![CDATA[com.learning.testdata.TestData@5ba5c62e]]>
              </value>
            </param>
          </params>
          <reporter-output>
          </reporter-output>
        </test-method> <!-- errorInvalidCredentials -->
        <test-method is-config="true" signature="afterMethod()[pri:0, instance:com.rnd.testscripts.NewTests@2b91004a]" started-at="2022-05-08T23:50:54 IST" name="afterMethod" finished-at="2022-05-08T23:50:55 IST" duration-ms="416" status="PASS">
          <reporter-output>
          </reporter-output>
        </test-method> <!-- afterMethod -->
        <test-method is-config="true" signature="afterMethod()[pri:0, instance:com.rnd.testscripts.NewTests@2b91004a]" started-at="2022-05-08T23:50:56 IST" name="afterMethod" finished-at="2022-05-08T23:50:56 IST" duration-ms="376" status="PASS">
          <reporter-output>
          </reporter-output>
        </test-method> <!-- afterMethod -->
      </class> <!-- com.rnd.testscripts.NewTests -->
    </test> <!-- Test -->
  </suite> <!-- Suite -->
</testng-results>
